<?xml version="1.0" encoding="UTF-8"?>
<testng-results ignored="0" total="1" passed="1" failed="0" skipped="0">
  <reporter-output>
  </reporter-output>
  <suite started-at="2025-03-02T12:41:55 IST" name="Default suite" finished-at="2025-03-02T12:42:00 IST" duration-ms="4846">
    <groups>
    </groups>
    <test started-at="2025-03-02T12:41:55 IST" name="Default test" finished-at="2025-03-02T12:42:00 IST" duration-ms="4846">
      <class name="randomTestScenarios.DropDownSelection">
        <test-method signature="dropdowncheck()[pri:0, instance:randomTestScenarios.DropDownSelection@73e22a3d]" started-at="2025-03-02T12:41:55 IST" name="dropdowncheck" finished-at="2025-03-02T12:42:00 IST" duration-ms="4810" status="PASS">
          <reporter-output>
          </reporter-output>
        </test-method> <!-- dropdowncheck -->
      </class> <!-- randomTestScenarios.DropDownSelection -->
    </test> <!-- Default test -->
  </suite> <!-- Default suite -->
</testng-results>
