<?xml version="1.0" encoding="UTF-8"?>
<testng-results ignored="0" total="1" passed="1" failed="0" skipped="0">
  <reporter-output>
  </reporter-output>
  <suite started-at="2025-02-27T14:22:56 IST" name="Default suite" finished-at="2025-02-27T14:23:03 IST" duration-ms="6663">
    <groups>
    </groups>
    <test started-at="2025-02-27T14:22:56 IST" name="Default test" finished-at="2025-02-27T14:23:03 IST" duration-ms="6663">
      <class name="LoginTest">
        <test-method signature="Login()[pri:0, instance:LoginTest@47faa49c]" started-at="2025-02-27T14:22:56 IST" name="Login" finished-at="2025-02-27T14:23:03 IST" duration-ms="6628" status="PASS">
          <reporter-output>
          </reporter-output>
        </test-method> <!-- Login -->
      </class> <!-- LoginTest -->
    </test> <!-- Default test -->
  </suite> <!-- Default suite -->
</testng-results>
